jbecker-mac:sys jbecker$ . ./dump_rpt_cqa.sh 
   78403 /opt/spike1/edware/files/rpt/dim_assmt_outcome_type.csv
       2 /opt/spike1/edware/files/rpt/dim_assmt_subject.csv
  194331 /opt/spike1/edware/files/rpt/dim_enroll_attr.csv
      17 /opt/spike1/edware/files/rpt/dim_grade.csv
    2494 /opt/spike1/edware/files/rpt/dim_inst_group.csv
  129274 /opt/spike1/edware/files/rpt/dim_institution.csv
    1663 /opt/spike1/edware/files/rpt/dim_perf_level.csv
     794 /opt/spike1/edware/files/rpt/dim_period.csv
 2640726 /opt/spike1/edware/files/rpt/dim_section.csv
       2 /opt/spike1/edware/files/rpt/dim_section_group.csv
 2140057 /opt/spike1/edware/files/rpt/dim_staff.csv
 29793336 /opt/spike1/edware/files/rpt/dim_student.csv
       2 /opt/spike1/edware/files/rpt/dim_subject.csv
       2 /opt/spike1/edware/files/rpt/dim_term.csv
    7309 /opt/spike1/edware/files/rpt/dim_time.csv
     120 /opt/spike1/edware/files/rpt/etl_date.csv
       2 /opt/spike1/edware/files/rpt/executionlog.csv
 224518268 /opt/spike1/edware/files/rpt/fact_assmt_outcome.csv
 39320777 /opt/spike1/edware/files/rpt/fact_enroll.csv
       2 /opt/spike1/edware/files/rpt/map_assmt_subj_subj.csv
  140071 /opt/spike1/edware/files/rpt/map_inst_group_inst.csv
       2 /opt/spike1/edware/files/rpt/map_sect_group_sect.csv
       2 /opt/spike1/edware/files/rpt/map_staff_group_sect.csv
       2 /opt/spike1/edware/files/rpt/map_staff_group_staff.csv
 17907505 /opt/spike1/edware/files/rpt/mv_academic_year_period.csv
  668076 /opt/spike1/edware/files/rpt/mv_amp_user_assmt.csv
 1085582 /opt/spike1/edware/files/rpt/mv_amp_user_inst.csv
    9630 /opt/spike1/edware/files/rpt/mv_amp_user_program.csv
    1058 /opt/spike1/edware/files/rpt/pm_periods.csv
 318639509 total
