NOTICE:  ALTER TABLE / ADD UNIQUE will create implicit index "dim_staff_nkey" for table "dim_staff"
ALTER TABLE
NOTICE:  ALTER TABLE / ADD UNIQUE will create implicit index "dim_section_nkey" for table "dim_section"
ALTER TABLE
NOTICE:  ALTER TABLE / ADD UNIQUE will create implicit index "dim_enroll_attr_nkey" for table "dim_enroll_attr"
ALTER TABLE
NOTICE:  ALTER TABLE / ADD UNIQUE will create implicit index "dim_period_nkey" for table "dim_period"
ALTER TABLE
NOTICE:  ALTER TABLE / ADD UNIQUE will create implicit index "dim_perf_level_nkey" for table "dim_perf_level"
ALTER TABLE
NOTICE:  ALTER TABLE / ADD UNIQUE will create implicit index "dim_grade_nkey" for table "dim_grade"
ALTER TABLE
NOTICE:  ALTER TABLE / ADD UNIQUE will create implicit index "dim_time_nkey" for table "dim_time"
ALTER TABLE
NOTICE:  ALTER TABLE / ADD UNIQUE will create implicit index "dim_institution_nkey" for table "dim_institution"
ALTER TABLE
NOTICE:  ALTER TABLE / ADD UNIQUE will create implicit index "dim_inst_group_nkey" for table "dim_inst_group"
ALTER TABLE
NOTICE:  ALTER TABLE / ADD UNIQUE will create implicit index "dim_student_nkey" for table "dim_student"
ALTER TABLE
NOTICE:  ALTER TABLE / ADD UNIQUE will create implicit index "fact_enroll_nkey" for table "fact_enroll"
ERROR:  could not create unique index "fact_enroll_nkey"
DETAIL:  Key (student_sid, section_sid)=(2000597016, 0) is duplicated.
NOTICE:  ALTER TABLE / ADD UNIQUE will create implicit index "dim_assmt_outcome_type_nkey" for table "dim_assmt_outcome_type"
ALTER TABLE
NOTICE:  ALTER TABLE / ADD UNIQUE will create implicit index "fact_assmt_outcome_nkey" for table "fact_assmt_outcome"
ALTER TABLE
ALTER TABLE
ALTER TABLE
ALTER TABLE
ALTER TABLE
ALTER TABLE
ALTER TABLE
ALTER TABLE
ALTER TABLE
ALTER TABLE
ERROR:  insert or update on table "fact_enroll" violates foreign key constraint "fe_dim_student_fk"
DETAIL:  Key (dim_student_key)=(21217761) is not present in table "dim_student".
ALTER TABLE
ERROR:  insert or update on table "fact_enroll" violates foreign key constraint "fe_dim_section_fk"
DETAIL:  Key (dim_section_key)=(90250001) is not present in table "dim_section".
ALTER TABLE
ALTER TABLE
ALTER TABLE
ALTER TABLE
ALTER TABLE
ALTER TABLE
ERROR:  insert or update on table "fact_assmt_outcome" violates foreign key constraint "fao_dim_student_fk"
DETAIL:  Key (dim_student_key)=(21903539) is not present in table "dim_student".
ALTER TABLE
ERROR:  insert or update on table "fact_assmt_outcome" violates foreign key constraint "fao_dim_assmt_outcome_type_fk"
DETAIL:  Key (dim_assmt_outcome_type_key)=(63) is not present in table "dim_assmt_outcome_type".
ERROR:  insert or update on table "fact_assmt_outcome" violates foreign key constraint "fao_dim_assmt_period_fk"
DETAIL:  Key (dim_assmt_period_key)=(263) is not present in table "dim_period".
ALTER TABLE
ALTER TABLE
ALTER TABLE
ALTER TABLE
ALTER TABLE
