DELETE 0
INSERT 0 0
 _lz_count_ 
------------
          0
(1 row)

 _load_count_ 
--------------
            0
(1 row)

UPDATE 0
UPDATE 2136538
UPDATE 3516
DELETE 1374120
INSERT 0 2140054
 _lz_count_ 
------------
    2140054
(1 row)

 _load_count_ 
--------------
      2140054
(1 row)

DELETE 0
INSERT 0 0
 _lz_count_ 
------------
          0
(1 row)

 _load_count_ 
--------------
            0
(1 row)

UPDATE 0
UPDATE 0
UPDATE 0
UPDATE 0
UPDATE 0
UPDATE 0
UPDATE 0
UPDATE 0
UPDATE 0
UPDATE 0
UPDATE 0
UPDATE 0
UPDATE 0
UPDATE 0
UPDATE 0
UPDATE 0
UPDATE 0
UPDATE 0
UPDATE 95497
UPDATE 2545226
UPDATE 0
UPDATE 227350
UPDATE 0
UPDATE 0
UPDATE 165558
UPDATE 0
UPDATE 0
UPDATE 131452
UPDATE 0
UPDATE 0
UPDATE 499899
UPDATE 2140825
UPDATE 0
UPDATE 0
UPDATE 0
UPDATE 0
UPDATE 0
UPDATE 0
UPDATE 0
UPDATE 0
UPDATE 0
UPDATE 0
UPDATE 0
UPDATE 0
UPDATE 0
DELETE 1710780
INSERT 0 2640724
 _lz_count_ 
------------
    2640724
(1 row)

 _load_count_ 
--------------
      2640724
(1 row)

DELETE 0
INSERT 0 0
 _lz_count_ 
------------
    2640724
(1 row)

 _load_count_ 
--------------
            0
(1 row)

DELETE 0
INSERT 0 0
 _lz_count_ 
------------
          0
(1 row)

 _load_count_ 
--------------
            0
(1 row)

DELETE 0
INSERT 0 0
 _lz_count_ 
------------
          0
(1 row)

 _load_count_ 
--------------
            0
(1 row)

DELETE 168891
INSERT 0 194329
 _lz_count_ 
------------
     194329
(1 row)

 _load_count_ 
--------------
       194329
(1 row)

ERROR:  invalid input syntax for type boolean: ""
LINE 3: WHERE current_term_flag = '';
                                  ^
UPDATE 0
UPDATE 0
ERROR:  invalid input syntax for type boolean: ""
LINE 3: WHERE summer_term_flag = '';
                                 ^
UPDATE 0
UPDATE 0
DELETE 0
INSERT 0 0
 _lz_count_ 
------------
          0
(1 row)

 _load_count_ 
--------------
            0
(1 row)

UPDATE 0
UPDATE 0
UPDATE 0
UPDATE 0
UPDATE 0
UPDATE 0
UPDATE 0
UPDATE 0
UPDATE 0
UPDATE 0
UPDATE 0
UPDATE 0
UPDATE 0
UPDATE 0
UPDATE 0
UPDATE 0
DELETE 807
INSERT 0 792
 _lz_count_ 
------------
        792
(1 row)

 _load_count_ 
--------------
          792
(1 row)

UPDATE 0
UPDATE 0
UPDATE 0
DELETE 688
INSERT 0 1661
 _lz_count_ 
------------
       1661
(1 row)

 _load_count_ 
--------------
         1661
(1 row)

UPDATE 0
DELETE 0
INSERT 0 0
 _lz_count_ 
------------
          0
(1 row)

 _load_count_ 
--------------
            0
(1 row)

UPDATE 0
UPDATE 0
UPDATE 0
DELETE 0
INSERT 0 0
 _lz_count_ 
------------
          0
(1 row)

 _load_count_ 
--------------
            0
(1 row)

UPDATE 0
UPDATE 0
UPDATE 0
UPDATE 0
UPDATE 0
UPDATE 0
UPDATE 0
UPDATE 0
UPDATE 0
UPDATE 0
UPDATE 0
DELETE 15
INSERT 0 15
 _lz_count_ 
------------
         15
(1 row)

 _load_count_ 
--------------
           15
(1 row)

UPDATE 0
ERROR:  invalid input syntax for type date: ""
LINE 3: WHERE calendar_date = '';
                              ^
UPDATE 0
UPDATE 0
UPDATE 0
UPDATE 0
UPDATE 0
ERROR:  invalid input syntax for type date: ""
LINE 3: WHERE week_ending = '';
                            ^
UPDATE 0
UPDATE 0
ERROR:  column "_year" does not exist
LINE 3: WHERE _year = '';
              ^
UPDATE 0
UPDATE 7307
UPDATE 0
UPDATE 0
DELETE 7307
INSERT 0 7307
 _lz_count_ 
------------
       7307
(1 row)

 _load_count_ 
--------------
         7307
(1 row)

UPDATE 0
UPDATE 105650
UPDATE 23622
UPDATE 0
UPDATE 0
UPDATE 0
UPDATE 0
UPDATE 0
UPDATE 0
UPDATE 0
UPDATE 0
UPDATE 0
UPDATE 0
UPDATE 0
UPDATE 0
UPDATE 109368
UPDATE 19661
UPDATE 0
UPDATE 0
UPDATE 108118
UPDATE 21154
UPDATE 0
DELETE 116896
INSERT 0 129272
 _lz_count_ 
------------
     129272
(1 row)

 _load_count_ 
--------------
       129272
(1 row)

UPDATE 0
UPDATE 0
UPDATE 0
UPDATE 0
UPDATE 0
UPDATE 0
UPDATE 1291
UPDATE 1200
UPDATE 0
UPDATE 2446
UPDATE 45
UPDATE 0
UPDATE 0
UPDATE 0
UPDATE 0
UPDATE 2455
UPDATE 36
UPDATE 0
DELETE 1645
INSERT 0 2492
 _lz_count_ 
------------
       2492
(1 row)

 _load_count_ 
--------------
         2492
(1 row)

UPDATE 0
UPDATE 0
DELETE 124124
INSERT 0 140069
 _lz_count_ 
------------
     140069
(1 row)

 _load_count_ 
--------------
       140069
(1 row)

UPDATE 0
UPDATE 0
UPDATE 0
UPDATE 0
UPDATE 0
UPDATE 28407861
UPDATE 1385473
UPDATE 0
UPDATE 0
UPDATE 0
UPDATE 0
DELETE 16927855
INSERT 0 29793334
 _lz_count_ 
------------
   29793334
(1 row)

 _load_count_ 
--------------
     29793334
(1 row)

UPDATE 0
UPDATE 0
UPDATE 0
DELETE 0
INSERT 0 0
 _lz_count_ 
------------
          0
(1 row)

 _load_count_ 
--------------
            0
(1 row)

UPDATE 0
UPDATE 0
UPDATE 0
UPDATE 0
UPDATE 0
UPDATE 0
UPDATE 0
UPDATE 0
UPDATE 0
UPDATE 0
UPDATE 0
UPDATE 0
UPDATE 0
UPDATE 2351414
UPDATE 36969361
UPDATE 0
UPDATE 2351414
UPDATE 36969361
UPDATE 0
UPDATE 0
UPDATE 0
UPDATE 0
UPDATE 0
UPDATE 15522039
UPDATE 23798736
DELETE 35945192
INSERT 0 39320775
 _lz_count_ 
------------
   39320775
(1 row)

 _load_count_ 
--------------
     39320775
(1 row)

UPDATE 0
UPDATE 0
UPDATE 0
UPDATE 0
UPDATE 0
UPDATE 74098
UPDATE 16402
UPDATE 0
UPDATE 16877
UPDATE 73623
UPDATE 0
UPDATE 90500
UPDATE 0
UPDATE 0
UPDATE 90026
UPDATE 474
UPDATE 0
UPDATE 0
UPDATE 0
UPDATE 89401
UPDATE 1099
DELETE 17157
INSERT 0 90500
 _lz_count_ 
------------
      90500
(1 row)

 _load_count_ 
--------------
        90500
(1 row)

UPDATE 0
UPDATE 0
UPDATE 0
UPDATE 224518266
UPDATE 0
UPDATE 0
UPDATE 0
UPDATE 0
UPDATE 0
UPDATE 0
UPDATE 0
UPDATE 0
UPDATE 0
UPDATE 0
UPDATE 0
UPDATE 0
UPDATE 0
UPDATE 0
UPDATE 0
UPDATE 0
UPDATE 0
UPDATE 0
UPDATE 0
UPDATE 0
UPDATE 0
UPDATE 0
UPDATE 0
UPDATE 0
UPDATE 0
UPDATE 0
ERROR:  syntax error at or near "NULL"
LINE 4: OR IS NULL;
              ^
UPDATE 209600
       _fao_load_start_        
-------------------------------
 2012-12-01 01:18:53.340087-05
(1 row)

DELETE 157626779
ERROR:  value "2147483650" is out of range for type integer
        _fao_load_end_         
-------------------------------
 2012-12-01 05:14:12.490537-05
(1 row)

 _lz_count_ 
------------
  224518266
(1 row)

 _load_count_ 
--------------
            0
(1 row)

DELETE 0
INSERT 0 0
 _lz_count_ 
------------
          0
(1 row)

 _load_count_ 
--------------
            0
(1 row)

DELETE 0
INSERT 0 17907501
 _lz_count_ 
------------
   17907501
(1 row)

 _load_count_ 
--------------
     17907501
(1 row)

DELETE 0
INSERT 0 1085580
 _lz_count_ 
------------
    1085580
(1 row)

 _load_count_ 
--------------
      1085580
(1 row)

DELETE 0
INSERT 0 668074
 _lz_count_ 
------------
     668074
(1 row)

 _load_count_ 
--------------
       668074
(1 row)

DELETE 0
INSERT 0 9628
 _lz_count_ 
------------
       9628
(1 row)

 _load_count_ 
--------------
         9628
(1 row)

DELETE 0
INSERT 0 0
 _lz_count_ 
------------
          0
(1 row)

 _load_count_ 
--------------
            0
(1 row)

DELETE 0
INSERT 0 1056
 _lz_count_ 
------------
       1056
(1 row)

 _load_count_ 
--------------
         1056
(1 row)

