+-------------------------------------+
| name                                |
+=====================================+
| abbrev                              |
| alpha                               |
| bbp                                 |
| broadcast                           |
| clients                             |
| cluster1                            |
| cluster2                            |
| corr                                |
| corr                                |
| corr                                |
| corr                                |
| corr                                |
| corr                                |
| date_to_str                         |
| db_users                            |
| degrees                             |
| dependencies_columns_on_functions   |
| dependencies_columns_on_indexes     |
| dependencies_columns_on_keys        |
| dependencies_columns_on_triggers    |
| dependencies_columns_on_views       |
| dependencies_functions_on_functions |
| dependencies_functions_os_triggers  |
| dependencies_keys_on_foreignkeys    |
| dependencies_owners_on_schemas      |
| dependencies_schemas_on_users       |
| dependencies_tables_on_foreignkeys  |
| dependencies_tables_on_functions    |
| dependencies_tables_on_indexes      |
| dependencies_tables_on_triggers     |
| dependencies_tables_on_views        |
| dependencies_views_on_functions     |
| dependencies_views_on_triggers      |
| dropdictionary                      |
| env                                 |
| environment                         |
| evalalgebra                         |
| fuse                                |
| fuse                                |
| fuse                                |
| getanchor                           |
| getbasename                         |
| getcontent                          |
| getcontext                          |
| getdomain                           |
| getextension                        |
| getfile                             |
| gethost                             |
| getport                             |
| getprotocol                         |
| getquery                            |
| getroboturl                         |
| getuser                             |
| gzcompress                          |
| gzdecompress                        |
| gzexpand                            |
| gztruncate                          |
| host                                |
| hostmask                            |
| ilike                               |
| initializedictionary                |
| isaurl                              |
| keepcall                            |
| keepquery                           |
| like                                |
| masklen                             |
| median                              |
| median                              |
| median                              |
| median                              |
| median                              |
| median                              |
| median                              |
| median                              |
| median                              |
| ms_round                            |
| ms_str                              |
| ms_stuff                            |
| ms_trunc                            |
| netmask                             |
| network                             |
| newdictionary                       |
| newurl                              |
| newurl                              |
| optimizer_stats                     |
| optimizers                          |
| password_hash                       |
| querycache                          |
| querylog                            |
| radians                             |
| resethistory                        |
| reuse                               |
| reverse                             |
| setmasklen                          |
| shrink                              |
| storage                             |
| str_to_date                         |
| text                                |
| times                               |
| tracelog                            |
| vacuum                              |
| var                                 |
| zorder_decode_x                     |
| zorder_decode_y                     |
| zorder_encode                       |
| zorder_slice                        |
+-------------------------------------+
106 tuples
